[2022-08-16 11:59:54.521] [exthost] [info] Extension host with pid 1562 started
[2022-08-16 11:59:54.604] [exthost] [info] ExtensionService#_doActivateExtension vscode.microsoft-authentication, startup: false, activationEvent: 'onAuthenticationRequest:microsoft'
[2022-08-16 11:59:54.649] [exthost] [info] ExtensionService#_doActivateExtension vscode.debug-auto-launch, startup: true, activationEvent: '*'
[2022-08-16 11:59:54.652] [exthost] [info] ExtensionService#_doActivateExtension vscode.git-base, startup: true, activationEvent: '*', root cause: vscode.git
[2022-08-16 11:59:54.656] [exthost] [info] ExtensionService#_doActivateExtension vscode.ipynb, startup: true, activationEvent: '*'
[2022-08-16 11:59:54.671] [exthost] [info] ExtensionService#_doActivateExtension AaronYoung.dark-synthwave-vscode, startup: true, activationEvent: '*'
[2022-08-16 11:59:54.679] [exthost] [info] ExtensionService#_doActivateExtension GitHub.codespaces, startup: true, activationEvent: '*'
[2022-08-16 11:59:55.051] [exthost] [info] ExtensionService#_doActivateExtension oderwat.indent-rainbow, startup: true, activationEvent: '*'
[2022-08-16 11:59:55.053] [exthost] [info] ExtensionService#_doActivateExtension vincaslt.highlight-matching-tag, startup: true, activationEvent: '*'
[2022-08-16 11:59:55.062] [exthost] [info] ExtensionService#_doActivateExtension vscode-icons-team.vscode-icons, startup: true, activationEvent: '*'
[2022-08-16 11:59:55.247] [exthost] [info] ExtensionService#_doActivateExtension vscode.git, startup: true, activationEvent: '*'
[2022-08-16 11:59:55.309] [exthost] [info] ExtensionService#_doActivateExtension vscode.github, startup: true, activationEvent: '*'
[2022-08-16 11:59:55.772] [exthost] [info] ExtensionService#_doActivateExtension vscode.github-authentication, startup: false, activationEvent: 'api', root cause: GitHub.codespaces
[2022-08-16 12:00:02.868] [exthost] [info] ExtensionService#_doActivateExtension vscode.configuration-editing, startup: false, activationEvent: 'onLanguage:jsonc'
[2022-08-16 12:00:02.873] [exthost] [info] ExtensionService#_doActivateExtension vscode.json-language-features, startup: false, activationEvent: 'onLanguage:jsonc'
[2022-08-16 12:00:02.978] [exthost] [info] ExtensionService#_doActivateExtension vscode.typescript-language-features, startup: false, activationEvent: 'onLanguage:jsonc'
[2022-08-16 12:00:03.111] [exthost] [info] Eager extensions activated
[2022-08-16 12:00:03.114] [exthost] [info] ExtensionService#_doActivateExtension vscode.emmet, startup: false, activationEvent: 'onStartupFinished'
[2022-08-16 12:00:03.129] [exthost] [info] ExtensionService#_doActivateExtension vscode.merge-conflict, startup: false, activationEvent: 'onStartupFinished'
[2022-08-16 12:00:03.132] [exthost] [info] ExtensionService#_doActivateExtension aaron-bond.better-comments, startup: false, activationEvent: 'onStartupFinished'
[2022-08-16 12:00:03.139] [exthost] [info] ExtensionService#_doActivateExtension dsznajder.es7-react-js-snippets, startup: false, activationEvent: 'onStartupFinished'
[2022-08-16 12:00:03.589] [exthost] [info] ExtensionService#_doActivateExtension esbenp.prettier-vscode, startup: false, activationEvent: 'onStartupFinished'
[2022-08-16 12:00:03.670] [exthost] [info] ExtensionService#_doActivateExtension ms-vscode-remote.remote-containers, startup: false, activationEvent: 'onStartupFinished'
[2022-08-16 12:00:03.776] [exthost] [info] ExtensionService#_doActivateExtension ms-vscode-remote.remote-wsl, startup: false, activationEvent: 'onStartupFinished'
[2022-08-16 12:00:03.812] [exthost] [info] ExtensionService#_doActivateExtension ritwickdey.LiveServer, startup: false, activationEvent: 'onStartupFinished'
[2022-08-16 12:00:03.979] [exthost] [info] ExtensionService#_doActivateExtension zhuangtongfa.material-theme, startup: false, activationEvent: 'onStartupFinished'
[2022-08-16 12:00:04.078] [exthost] [warning] DiagnosticCollection with name 'devcontainer' does already exist.
[2022-08-16 12:00:51.029] [exthost] [info] Extension host terminating: received terminate message from renderer
[2022-08-16 12:00:51.062] [exthost] [info] Extension host with pid 1562 exiting with code 0
