[2022-08-16 11:59:51.160] [main] [info] update#setState idle
[2022-08-16 11:59:53.395] [main] [info] Starting extension host with pid 1562 (fork() took 4 ms).
[2022-08-16 12:00:21.160] [main] [info] update#setState checking for updates
[2022-08-16 12:00:21.576] [main] [info] update#setState idle
[2022-08-16 12:00:51.139] [main] [info] Extension host with pid 1562 exited with code: 0, signal: null.
[2022-08-16 13:00:21.247] [main] [info] update#setState checking for updates
[2022-08-16 13:00:21.645] [main] [info] update#setState idle
[2022-08-16 14:43:02.174] [main] [info] update#setState checking for updates
[2022-08-16 14:43:02.816] [main] [info] update#setState idle
[2022-08-16 15:43:02.232] [main] [info] update#setState checking for updates
[2022-08-16 15:43:02.767] [main] [info] update#setState idle
[2022-08-16 16:43:02.313] [main] [info] update#setState checking for updates
[2022-08-16 16:43:02.978] [main] [info] update#setState idle
[2022-08-16 17:50:06.555] [main] [info] update#setState checking for updates
[2022-08-16 17:50:06.940] [main] [info] update#setState idle
[2022-08-17 10:36:40.724] [main] [info] update#setState checking for updates
[2022-08-17 10:36:41.659] [main] [info] update#setState idle
[2022-08-17 11:12:40.338] [main] [info] Starting extension host with pid 18669 (fork() took 3 ms).
[2022-08-17 11:12:42.582] [main] [info] Extension host with pid 18669 exited with code: 0, signal: null.
[2022-08-17 11:12:42.584] [main] [info] Waiting for extension host with pid 18669 to exit.
[2022-08-17 11:12:47.133] [main] [error] [uncaught exception in main]: Error: Assertion Failed: argument is undefined or null
[2022-08-17 11:12:47.134] [main] [error] Error: Assertion Failed: argument is undefined or null
    at u (/Applications/Visual Studio Code.app/Contents/Resources/app/out/vs/code/electron-main/main.js:16:23933)
    at w.connect (/Applications/Visual Studio Code.app/Contents/Resources/app/out/vs/code/electron-main/main.js:74:85559)
    at async w.onWindowConnection (/Applications/Visual Studio Code.app/Contents/Resources/app/out/vs/code/electron-main/main.js:74:81843)
